# JRE version: OpenJDK Runtime Environment (11.0.12+7) (build 11.0.12+7-b1504.28-7817840)
# Java VM: OpenJDK 64-Bit Server VM (11.0.12+7-b1504.28-7817840, mixed mode, tiered, compressed oops, g1 gc, windows-amd64)
Heap:
 garbage-first heap   total 534528K, used 209417K [0x0000000080000000, 0x0000000100000000)
  region size 1024K, 8 young (8192K), 8 survivors (8192K)
 Metaspace       used 104738K, capacity 107514K, committed 107564K, reserved 1142784K
  class space    used 13589K, capacity 14670K, committed 14720K, reserved 1048576K
GC Heap History (20 events):
Event: 34.093 GC heap after
{Heap after GC invocations=50 (full 0):
 garbage-first heap   total 232448K, used 120405K [0x0000000080000000, 0x0000000100000000)
  region size 1024K, 10 young (10240K), 10 survivors (10240K)
 Metaspace       used 98175K, capacity 100720K, committed 101036K, reserved 1136640K
  class space    used 12794K, capacity 13760K, committed 13824K, reserved 1048576K
}
Event: 34.229 GC heap before
{Heap before GC invocations=50 (full 0):
 garbage-first heap   total 232448K, used 183893K [0x0000000080000000, 0x0000000100000000)
  region size 1024K, 73 young (74752K), 10 survivors (10240K)
 Metaspace       used 99344K, capacity 101918K, committed 101932K, reserved 1136640K
  class space    used 12958K, capacity 13949K, committed 13952K, reserved 1048576K
}
Event: 34.265 GC heap after
{Heap after GC invocations=51 (full 0):
 garbage-first heap   total 232448K, used 134837K [0x0000000080000000, 0x0000000100000000)
  region size 1024K, 10 young (10240K), 10 survivors (10240K)
 Metaspace       used 99344K, capacity 101918K, committed 101932K, reserved 1136640K
  class space    used 12958K, capacity 13949K, committed 13952K, reserved 1048576K
}
Event: 34.743 GC heap before
{Heap before GC invocations=51 (full 0):
 garbage-first heap   total 232448K, used 186037K [0x0000000080000000, 0x0000000100000000)
  region size 1024K, 61 young (62464K), 10 survivors (10240K)
 Metaspace       used 99796K, capacity 102350K, committed 102572K, reserved 1138688K
  class space    used 13031K, capacity 14006K, committed 14080K, reserved 1048576K
}
Event: 34.767 GC heap after
{Heap after GC invocations=52 (full 0):
 garbage-first heap   total 311296K, used 143424K [0x0000000080000000, 0x0000000100000000)
  region size 1024K, 8 young (8192K), 8 survivors (8192K)
 Metaspace       used 99796K, capacity 102350K, committed 102572K, reserved 1138688K
  class space    used 13031K, capacity 14006K, committed 14080K, reserved 1048576K
}
Event: 35.356 GC heap before
{Heap before GC invocations=53 (full 0):
 garbage-first heap   total 311296K, used 220224K [0x0000000080000000, 0x0000000100000000)
  region size 1024K, 84 young (86016K), 8 survivors (8192K)
 Metaspace       used 103003K, capacity 105758K, committed 105900K, reserved 1140736K
  class space    used 13467K, capacity 14527K, committed 14592K, reserved 1048576K
}
Event: 35.376 GC heap after
{Heap after GC invocations=54 (full 0):
 garbage-first heap   total 311296K, used 151888K [0x0000000080000000, 0x0000000100000000)
  region size 1024K, 10 young (10240K), 10 survivors (10240K)
 Metaspace       used 103003K, capacity 105758K, committed 105900K, reserved 1140736K
  class space    used 13467K, capacity 14527K, committed 14592K, reserved 1048576K
}
Event: 36.017 GC heap before
{Heap before GC invocations=54 (full 0):
 garbage-first heap   total 311296K, used 229712K [0x0000000080000000, 0x0000000100000000)
  region size 1024K, 87 young (89088K), 10 survivors (10240K)
 Metaspace       used 103518K, capacity 106278K, committed 106412K, reserved 1140736K
  class space    used 13498K, capacity 14566K, committed 14592K, reserved 1048576K
}
Event: 36.056 GC heap after
{Heap after GC invocations=55 (full 0):
 garbage-first heap   total 311296K, used 164724K [0x0000000080000000, 0x0000000100000000)
  region size 1024K, 11 young (11264K), 11 survivors (11264K)
 Metaspace       used 103518K, capacity 106278K, committed 106412K, reserved 1140736K
  class space    used 13498K, capacity 14566K, committed 14592K, reserved 1048576K
}
Event: 36.223 GC heap before
{Heap before GC invocations=55 (full 0):
 garbage-first heap   total 311296K, used 238452K [0x0000000080000000, 0x0000000100000000)
  region size 1024K, 83 young (84992K), 11 survivors (11264K)
 Metaspace       used 103734K, capacity 106475K, committed 106668K, reserved 1140736K
  class space    used 13503K, capacity 14566K, committed 14592K, reserved 1048576K
}
Event: 36.246 GC heap after
{Heap after GC invocations=56 (full 0):
 garbage-first heap   total 311296K, used 177633K [0x0000000080000000, 0x0000000100000000)
  region size 1024K, 11 young (11264K), 11 survivors (11264K)
 Metaspace       used 103734K, capacity 106475K, committed 106668K, reserved 1140736K
  class space    used 13503K, capacity 14566K, committed 14592K, reserved 1048576K
}
Event: 36.649 GC heap before
{Heap before GC invocations=57 (full 0):
 garbage-first heap   total 311296K, used 246241K [0x0000000080000000, 0x0000000100000000)
  region size 1024K, 78 young (79872K), 11 survivors (11264K)
 Metaspace       used 103944K, capacity 106676K, committed 107052K, reserved 1142784K
  class space    used 13514K, capacity 14586K, committed 14720K, reserved 1048576K
}
Event: 36.678 GC heap after
{Heap after GC invocations=58 (full 0):
 garbage-first heap   total 413696K, used 186449K [0x0000000080000000, 0x0000000100000000)
  region size 1024K, 9 young (9216K), 9 survivors (9216K)
 Metaspace       used 103944K, capacity 106676K, committed 107052K, reserved 1142784K
  class space    used 13514K, capacity 14586K, committed 14720K, reserved 1048576K
}
Event: 36.885 GC heap before
{Heap before GC invocations=58 (full 0):
 garbage-first heap   total 413696K, used 289873K [0x0000000080000000, 0x0000000100000000)
  region size 1024K, 111 young (113664K), 9 survivors (9216K)
 Metaspace       used 104048K, capacity 106833K, committed 107052K, reserved 1142784K
  class space    used 13527K, capacity 14595K, committed 14720K, reserved 1048576K
}
Event: 36.901 GC heap after
{Heap after GC invocations=59 (full 0):
 garbage-first heap   total 413696K, used 196512K [0x0000000080000000, 0x0000000100000000)
  region size 1024K, 10 young (10240K), 10 survivors (10240K)
 Metaspace       used 104048K, capacity 106833K, committed 107052K, reserved 1142784K
  class space    used 13527K, capacity 14595K, committed 14720K, reserved 1048576K
}
Event: 37.101 GC heap before
{Heap before GC invocations=59 (full 0):
 garbage-first heap   total 413696K, used 317344K [0x0000000080000000, 0x0000000100000000)
  region size 1024K, 128 young (131072K), 10 survivors (10240K)
 Metaspace       used 104134K, capacity 106921K, committed 107052K, reserved 1142784K
  class space    used 13541K, capacity 14604K, committed 14720K, reserved 1048576K
}
Event: 37.147 GC heap after
{Heap after GC invocations=60 (full 0):
 garbage-first heap   total 413696K, used 203067K [0x0000000080000000, 0x0000000100000000)
  region size 1024K, 8 young (8192K), 8 survivors (8192K)
 Metaspace       used 104134K, capacity 106921K, committed 107052K, reserved 1142784K
  class space    used 13541K, capacity 14604K, committed 14720K, reserved 1048576K
}
Event: 37.696 GC heap before
{Heap before GC invocations=61 (full 0):
 garbage-first heap   total 413696K, used 323899K [0x0000000080000000, 0x0000000100000000)
  region size 1024K, 126 young (129024K), 8 survivors (8192K)
 Metaspace       used 104572K, capacity 107378K, committed 107564K, reserved 1142784K
  class space    used 13586K, capacity 14668K, committed 14720K, reserved 1048576K
}
Event: 37.713 GC heap after
{Heap after GC invocations=62 (full 0):
 garbage-first heap   total 413696K, used 206143K [0x0000000080000000, 0x0000000100000000)
  region size 1024K, 11 young (11264K), 11 survivors (11264K)
 Metaspace       used 104572K, capacity 107378K, committed 107564K, reserved 1142784K
  class space    used 13586K, capacity 14668K, committed 14720K, reserved 1048576K
}
Event: 37.952 GC heap before
{Heap before GC invocations=62 (full 0):
 garbage-first heap   total 413696K, used 332095K [0x0000000080000000, 0x0000000100000000)
  region size 1024K, 134 young (137216K), 11 survivors (11264K)
 Metaspace       used 104738K, capacity 107514K, committed 107564K, reserved 1142784K
  class space    used 13589K, capacity 14670K, committed 14720K, reserved 1048576K
}

