# JRE version: OpenJDK Runtime Environment (11.0.12+7) (build 11.0.12+7-b1504.28-7817840)
# Java VM: OpenJDK 64-Bit Server VM (11.0.12+7-b1504.28-7817840, mixed mode, tiered, compressed oops, g1 gc, windows-amd64)
Heap:
 garbage-first heap   total 1077248K, used 228979K [0x0000000080000000, 0x0000000100000000)
  region size 1024K, 3 young (3072K), 3 survivors (3072K)
 Metaspace       used 135951K, capacity 139557K, committed 139776K, reserved 1171456K
  class space    used 16954K, capacity 18310K, committed 18432K, reserved 1048576K
GC Heap History (20 events):
Event: 1106.511 GC heap after
{Heap after GC invocations=163 (full 0):
 garbage-first heap   total 274432K, used 232370K [0x0000000080000000, 0x0000000100000000)
  region size 1024K, 2 young (2048K), 2 survivors (2048K)
 Metaspace       used 133365K, capacity 136844K, committed 136960K, reserved 1169408K
  class space    used 16573K, capacity 17847K, committed 17920K, reserved 1048576K
}
Event: 1106.561 GC heap before
{Heap before GC invocations=163 (full 0):
 garbage-first heap   total 274432K, used 242610K [0x0000000080000000, 0x0000000100000000)
  region size 1024K, 13 young (13312K), 2 survivors (2048K)
 Metaspace       used 133422K, capacity 136908K, committed 137216K, reserved 1169408K
  class space    used 16582K, capacity 17847K, committed 17920K, reserved 1048576K
}
Event: 1106.567 GC heap after
{Heap after GC invocations=164 (full 0):
 garbage-first heap   total 274432K, used 234886K [0x0000000080000000, 0x0000000100000000)
  region size 1024K, 2 young (2048K), 2 survivors (2048K)
 Metaspace       used 133422K, capacity 136908K, committed 137216K, reserved 1169408K
  class space    used 16582K, capacity 17847K, committed 17920K, reserved 1048576K
}
Event: 1106.599 GC heap before
{Heap before GC invocations=164 (full 0):
 garbage-first heap   total 274432K, used 246150K [0x0000000080000000, 0x0000000100000000)
  region size 1024K, 13 young (13312K), 2 survivors (2048K)
 Metaspace       used 133515K, capacity 137017K, committed 137216K, reserved 1169408K
  class space    used 16601K, capacity 17862K, committed 17920K, reserved 1048576K
}
Event: 1106.636 GC heap after
{Heap after GC invocations=165 (full 0):
 garbage-first heap   total 274432K, used 237409K [0x0000000080000000, 0x0000000100000000)
  region size 1024K, 2 young (2048K), 2 survivors (2048K)
 Metaspace       used 133515K, capacity 137017K, committed 137216K, reserved 1169408K
  class space    used 16601K, capacity 17862K, committed 17920K, reserved 1048576K
}
Event: 1106.746 GC heap before
{Heap before GC invocations=165 (full 0):
 garbage-first heap   total 274432K, used 247649K [0x0000000080000000, 0x0000000100000000)
  region size 1024K, 13 young (13312K), 2 survivors (2048K)
 Metaspace       used 133679K, capacity 137217K, committed 137472K, reserved 1169408K
  class space    used 16626K, capacity 17905K, committed 17920K, reserved 1048576K
}
Event: 1106.752 GC heap after
{Heap after GC invocations=166 (full 0):
 garbage-first heap   total 274432K, used 239840K [0x0000000080000000, 0x0000000100000000)
  region size 1024K, 2 young (2048K), 2 survivors (2048K)
 Metaspace       used 133679K, capacity 137217K, committed 137472K, reserved 1169408K
  class space    used 16626K, capacity 17905K, committed 17920K, reserved 1048576K
}
Event: 1106.819 GC heap before
{Heap before GC invocations=166 (full 0):
 garbage-first heap   total 274432K, used 251104K [0x0000000080000000, 0x0000000100000000)
  region size 1024K, 13 young (13312K), 2 survivors (2048K)
 Metaspace       used 133809K, capacity 137359K, committed 137472K, reserved 1169408K
  class space    used 16643K, capacity 17909K, committed 17920K, reserved 1048576K
}
Event: 1106.827 GC heap after
{Heap after GC invocations=167 (full 0):
 garbage-first heap   total 274432K, used 242317K [0x0000000080000000, 0x0000000100000000)
  region size 1024K, 2 young (2048K), 2 survivors (2048K)
 Metaspace       used 133809K, capacity 137359K, committed 137472K, reserved 1169408K
  class space    used 16643K, capacity 17909K, committed 17920K, reserved 1048576K
}
Event: 1106.972 GC heap before
{Heap before GC invocations=167 (full 0):
 garbage-first heap   total 274432K, used 252557K [0x0000000080000000, 0x0000000100000000)
  region size 1024K, 13 young (13312K), 2 survivors (2048K)
 Metaspace       used 134205K, capacity 137756K, committed 137856K, reserved 1169408K
  class space    used 16707K, capacity 17998K, committed 18048K, reserved 1048576K
}
Event: 1106.981 GC heap after
{Heap after GC invocations=168 (full 0):
 garbage-first heap   total 274432K, used 244462K [0x0000000080000000, 0x0000000100000000)
  region size 1024K, 2 young (2048K), 2 survivors (2048K)
 Metaspace       used 134205K, capacity 137756K, committed 137856K, reserved 1169408K
  class space    used 16707K, capacity 17998K, committed 18048K, reserved 1048576K
}
Event: 1107.206 GC heap before
{Heap before GC invocations=168 (full 0):
 garbage-first heap   total 274432K, used 255726K [0x0000000080000000, 0x0000000100000000)
  region size 1024K, 13 young (13312K), 2 survivors (2048K)
 Metaspace       used 134755K, capacity 138342K, committed 138496K, reserved 1169408K
  class space    used 16778K, capacity 18065K, committed 18176K, reserved 1048576K
}
Event: 1107.217 GC heap after
{Heap after GC invocations=169 (full 0):
 garbage-first heap   total 396288K, used 246255K [0x0000000080000000, 0x0000000100000000)
  region size 1024K, 2 young (2048K), 2 survivors (2048K)
 Metaspace       used 134755K, capacity 138342K, committed 138496K, reserved 1169408K
  class space    used 16778K, capacity 18065K, committed 18176K, reserved 1048576K
}
Event: 1108.151 GC heap before
{Heap before GC invocations=170 (full 0):
 garbage-first heap   total 396288K, used 270831K [0x0000000080000000, 0x0000000100000000)
  region size 1024K, 45 young (46080K), 2 survivors (2048K)
 Metaspace       used 134840K, capacity 138260K, committed 138752K, reserved 1169408K
  class space    used 16737K, capacity 17980K, committed 18176K, reserved 1048576K
}
Event: 1108.174 GC heap after
{Heap after GC invocations=171 (full 0):
 garbage-first heap   total 396288K, used 234675K [0x0000000080000000, 0x0000000100000000)
  region size 1024K, 6 young (6144K), 6 survivors (6144K)
 Metaspace       used 134840K, capacity 138260K, committed 138752K, reserved 1169408K
  class space    used 16737K, capacity 17980K, committed 18176K, reserved 1048576K
}
Event: 1108.211 GC heap before
{Heap before GC invocations=171 (full 0):
 garbage-first heap   total 396288K, used 247987K [0x0000000080000000, 0x0000000100000000)
  region size 1024K, 19 young (19456K), 6 survivors (6144K)
 Metaspace       used 134904K, capacity 138356K, committed 138752K, reserved 1169408K
  class space    used 16758K, capacity 18012K, committed 18176K, reserved 1048576K
}
Event: 1108.240 GC heap after
{Heap after GC invocations=172 (full 0):
 garbage-first heap   total 396288K, used 216683K [0x0000000080000000, 0x0000000100000000)
  region size 1024K, 3 young (3072K), 3 survivors (3072K)
 Metaspace       used 134904K, capacity 138356K, committed 138752K, reserved 1169408K
  class space    used 16758K, capacity 18012K, committed 18176K, reserved 1048576K
}
Event: 1108.472 GC heap before
{Heap before GC invocations=172 (full 0):
 garbage-first heap   total 396288K, used 274027K [0x0000000080000000, 0x0000000100000000)
  region size 1024K, 60 young (61440K), 3 survivors (3072K)
 Metaspace       used 135619K, capacity 139151K, committed 139392K, reserved 1171456K
  class space    used 16878K, capacity 18194K, committed 18304K, reserved 1048576K
}
Event: 1109.339 GC heap after
{Heap after GC invocations=173 (full 0):
 garbage-first heap   total 396288K, used 226140K [0x0000000080000000, 0x0000000100000000)
  region size 1024K, 8 young (8192K), 8 survivors (8192K)
 Metaspace       used 135619K, capacity 139151K, committed 139392K, reserved 1171456K
  class space    used 16878K, capacity 18194K, committed 18304K, reserved 1048576K
}
Event: 1110.367 GC heap before
{Heap before GC invocations=173 (full 0):
 garbage-first heap   total 396288K, used 237404K [0x0000000080000000, 0x0000000100000000)
  region size 1024K, 19 young (19456K), 8 survivors (8192K)
 Metaspace       used 135951K, capacity 139557K, committed 139776K, reserved 1171456K
  class space    used 16954K, capacity 18310K, committed 18432K, reserved 1048576K
}

