# JRE version: OpenJDK Runtime Environment (11.0.12+7) (build 11.0.12+7-b1504.28-7817840)
# Java VM: OpenJDK 64-Bit Server VM (11.0.12+7-b1504.28-7817840, mixed mode, tiered, compressed oops, g1 gc, windows-amd64)
Heap:
 garbage-first heap   total 550912K, used 175383K [0x0000000080000000, 0x0000000100000000)
  region size 1024K, 3 young (3072K), 3 survivors (3072K)
 Metaspace       used 103096K, capacity 105971K, committed 106376K, reserved 1140736K
  class space    used 13519K, capacity 14622K, committed 14800K, reserved 1048576K
GC Heap History (20 events):
Event: 17.700 GC heap after
{Heap after GC invocations=31 (full 0):
 garbage-first heap   total 187392K, used 104025K [0x0000000080000000, 0x0000000100000000)
  region size 1024K, 8 young (8192K), 8 survivors (8192K)
 Metaspace       used 92047K, capacity 94406K, committed 94856K, reserved 1130496K
  class space    used 11956K, capacity 12821K, committed 13008K, reserved 1048576K
}
Event: 18.073 GC heap before
{Heap before GC invocations=32 (full 0):
 garbage-first heap   total 187392K, used 149081K [0x0000000080000000, 0x0000000100000000)
  region size 1024K, 53 young (54272K), 8 survivors (8192K)
 Metaspace       used 94608K, capacity 97136K, committed 97288K, reserved 1132544K
  class space    used 12332K, capacity 13283K, committed 13392K, reserved 1048576K
}
Event: 18.084 GC heap after
{Heap after GC invocations=33 (full 0):
 garbage-first heap   total 187392K, used 109966K [0x0000000080000000, 0x0000000100000000)
  region size 1024K, 7 young (7168K), 7 survivors (7168K)
 Metaspace       used 94608K, capacity 97136K, committed 97288K, reserved 1132544K
  class space    used 12332K, capacity 13283K, committed 13392K, reserved 1048576K
}
Event: 18.197 GC heap before
{Heap before GC invocations=33 (full 0):
 garbage-first heap   total 187392K, used 150926K [0x0000000080000000, 0x0000000100000000)
  region size 1024K, 47 young (48128K), 7 survivors (7168K)
 Metaspace       used 95419K, capacity 97993K, committed 98184K, reserved 1134592K
  class space    used 12456K, capacity 13418K, committed 13520K, reserved 1048576K
}
Event: 18.221 GC heap after
{Heap after GC invocations=34 (full 0):
 garbage-first heap   total 225280K, used 116690K [0x0000000080000000, 0x0000000100000000)
  region size 1024K, 6 young (6144K), 6 survivors (6144K)
 Metaspace       used 95419K, capacity 97993K, committed 98184K, reserved 1134592K
  class space    used 12456K, capacity 13418K, committed 13520K, reserved 1048576K
}
Event: 18.445 GC heap before
{Heap before GC invocations=34 (full 0):
 garbage-first heap   total 225280K, used 168914K [0x0000000080000000, 0x0000000100000000)
  region size 1024K, 57 young (58368K), 6 survivors (6144K)
 Metaspace       used 96309K, capacity 98813K, committed 99080K, reserved 1134592K
  class space    used 12549K, capacity 13475K, committed 13648K, reserved 1048576K
}
Event: 18.464 GC heap after
{Heap after GC invocations=35 (full 0):
 garbage-first heap   total 225280K, used 126483K [0x0000000080000000, 0x0000000100000000)
  region size 1024K, 8 young (8192K), 8 survivors (8192K)
 Metaspace       used 96309K, capacity 98813K, committed 99080K, reserved 1134592K
  class space    used 12549K, capacity 13475K, committed 13648K, reserved 1048576K
}
Event: 18.934 GC heap before
{Heap before GC invocations=36 (full 0):
 garbage-first heap   total 225280K, used 175635K [0x0000000080000000, 0x0000000100000000)
  region size 1024K, 56 young (57344K), 8 survivors (8192K)
 Metaspace       used 96528K, capacity 99085K, committed 99336K, reserved 1134592K
  class space    used 12565K, capacity 13519K, committed 13648K, reserved 1048576K
}
Event: 18.949 GC heap after
{Heap after GC invocations=37 (full 0):
 garbage-first heap   total 225280K, used 136192K [0x0000000080000000, 0x0000000100000000)
  region size 1024K, 7 young (7168K), 7 survivors (7168K)
 Metaspace       used 96528K, capacity 99085K, committed 99336K, reserved 1134592K
  class space    used 12565K, capacity 13519K, committed 13648K, reserved 1048576K
}
Event: 19.036 GC heap before
{Heap before GC invocations=37 (full 0):
 garbage-first heap   total 225280K, used 179200K [0x0000000080000000, 0x0000000100000000)
  region size 1024K, 50 young (51200K), 7 survivors (7168K)
 Metaspace       used 97200K, capacity 99827K, committed 99976K, reserved 1136640K
  class space    used 12690K, capacity 13715K, committed 13776K, reserved 1048576K
}
Event: 19.053 GC heap after
{Heap after GC invocations=38 (full 0):
 garbage-first heap   total 225280K, used 144049K [0x0000000080000000, 0x0000000100000000)
  region size 1024K, 7 young (7168K), 7 survivors (7168K)
 Metaspace       used 97200K, capacity 99827K, committed 99976K, reserved 1136640K
  class space    used 12690K, capacity 13715K, committed 13776K, reserved 1048576K
}
Event: 19.129 GC heap before
{Heap before GC invocations=38 (full 0):
 garbage-first heap   total 225280K, used 185008K [0x0000000080000000, 0x0000000100000000)
  region size 1024K, 47 young (48128K), 7 survivors (7168K)
 Metaspace       used 97334K, capacity 100017K, committed 100360K, reserved 1136640K
  class space    used 12713K, capacity 13774K, committed 13904K, reserved 1048576K
}
Event: 19.148 GC heap after
{Heap after GC invocations=39 (full 0):
 garbage-first heap   total 320512K, used 151478K [0x0000000080000000, 0x0000000100000000)
  region size 1024K, 6 young (6144K), 6 survivors (6144K)
 Metaspace       used 97334K, capacity 100017K, committed 100360K, reserved 1136640K
  class space    used 12713K, capacity 13774K, committed 13904K, reserved 1048576K
}
Event: 19.345 GC heap before
{Heap before GC invocations=39 (full 0):
 garbage-first heap   total 320512K, used 219062K [0x0000000080000000, 0x0000000100000000)
  region size 1024K, 73 young (74752K), 6 survivors (6144K)
 Metaspace       used 97495K, capacity 100051K, committed 100616K, reserved 1136640K
  class space    used 12717K, capacity 13703K, committed 13904K, reserved 1048576K
}
Event: 19.367 GC heap after
{Heap after GC invocations=40 (full 0):
 garbage-first heap   total 320512K, used 163006K [0x0000000080000000, 0x0000000100000000)
  region size 1024K, 10 young (10240K), 10 survivors (10240K)
 Metaspace       used 97495K, capacity 100051K, committed 100616K, reserved 1136640K
  class space    used 12717K, capacity 13703K, committed 13904K, reserved 1048576K
}
Event: 19.676 GC heap before
{Heap before GC invocations=41 (full 0):
 garbage-first heap   total 320512K, used 230590K [0x0000000080000000, 0x0000000100000000)
  region size 1024K, 77 young (78848K), 10 survivors (10240K)
 Metaspace       used 100173K, capacity 103012K, committed 103048K, reserved 1138688K
  class space    used 13179K, capacity 14255K, committed 14288K, reserved 1048576K
}
Event: 19.702 GC heap after
{Heap after GC invocations=42 (full 0):
 garbage-first heap   total 320512K, used 173059K [0x0000000080000000, 0x0000000100000000)
  region size 1024K, 10 young (10240K), 10 survivors (10240K)
 Metaspace       used 100173K, capacity 103012K, committed 103048K, reserved 1138688K
  class space    used 13179K, capacity 14255K, committed 14288K, reserved 1048576K
}
Event: 20.019 GC heap before
{Heap before GC invocations=42 (full 0):
 garbage-first heap   total 320512K, used 239619K [0x0000000080000000, 0x0000000100000000)
  region size 1024K, 76 young (77824K), 10 survivors (10240K)
 Metaspace       used 102158K, capacity 105109K, committed 105224K, reserved 1140736K
  class space    used 13485K, capacity 14606K, committed 14672K, reserved 1048576K
}
Event: 20.033 GC heap after
{Heap after GC invocations=43 (full 0):
 garbage-first heap   total 320512K, used 175034K [0x0000000080000000, 0x0000000100000000)
  region size 1024K, 2 young (2048K), 2 survivors (2048K)
 Metaspace       used 102158K, capacity 105109K, committed 105224K, reserved 1140736K
  class space    used 13485K, capacity 14606K, committed 14672K, reserved 1048576K
}
Event: 20.409 GC heap before
{Heap before GC invocations=43 (full 0):
 garbage-first heap   total 320512K, used 243642K [0x0000000080000000, 0x0000000100000000)
  region size 1024K, 70 young (71680K), 2 survivors (2048K)
 Metaspace       used 103096K, capacity 105971K, committed 106376K, reserved 1140736K
  class space    used 13519K, capacity 14622K, committed 14800K, reserved 1048576K
}

