# JRE version: OpenJDK Runtime Environment (11.0.12+7) (build 11.0.12+7-b1504.28-7817840)
# Java VM: OpenJDK 64-Bit Server VM (11.0.12+7-b1504.28-7817840, mixed mode, tiered, compressed oops, g1 gc, windows-amd64)
Heap:
 garbage-first heap   total 129024K, used 86187K [0x0000000080000000, 0x0000000100000000)
  region size 1024K, 19 young (19456K), 4 survivors (4096K)
 Metaspace       used 82297K, capacity 84489K, committed 84652K, reserved 1122304K
  class space    used 10837K, capacity 11649K, committed 11776K, reserved 1048576K
GC Heap History (20 events):
Event: 35.756 GC heap before
{Heap before GC invocations=10 (full 0):
 garbage-first heap   total 129024K, used 96414K [0x0000000080000000, 0x0000000100000000)
  region size 1024K, 60 young (61440K), 9 survivors (9216K)
 Metaspace       used 55387K, capacity 56864K, committed 57088K, reserved 1099776K
  class space    used 7078K, capacity 7630K, committed 7680K, reserved 1048576K
}
Event: 35.769 GC heap after
{Heap after GC invocations=11 (full 0):
 garbage-first heap   total 129024K, used 47072K [0x0000000080000000, 0x0000000100000000)
  region size 1024K, 3 young (3072K), 3 survivors (3072K)
 Metaspace       used 55387K, capacity 56864K, committed 57088K, reserved 1099776K
  class space    used 7078K, capacity 7630K, committed 7680K, reserved 1048576K
}
Event: 37.095 GC heap before
{Heap before GC invocations=11 (full 0):
 garbage-first heap   total 129024K, used 67552K [0x0000000080000000, 0x0000000100000000)
  region size 1024K, 24 young (24576K), 3 survivors (3072K)
 Metaspace       used 58356K, capacity 59846K, committed 59948K, reserved 1101824K
  class space    used 7443K, capacity 8023K, committed 8064K, reserved 1048576K
}
Event: 37.103 GC heap after
{Heap after GC invocations=12 (full 0):
 garbage-first heap   total 129024K, used 47483K [0x0000000080000000, 0x0000000100000000)
  region size 1024K, 4 young (4096K), 4 survivors (4096K)
 Metaspace       used 58356K, capacity 59846K, committed 59948K, reserved 1101824K
  class space    used 7443K, capacity 8023K, committed 8064K, reserved 1048576K
}
Event: 39.124 GC heap before
{Heap before GC invocations=13 (full 0):
 garbage-first heap   total 129024K, used 92539K [0x0000000080000000, 0x0000000100000000)
  region size 1024K, 49 young (50176K), 4 survivors (4096K)
 Metaspace       used 63347K, capacity 64855K, committed 65196K, reserved 1105920K
  class space    used 8038K, capacity 8621K, committed 8704K, reserved 1048576K
}
Event: 39.132 GC heap after
{Heap after GC invocations=14 (full 0):
 garbage-first heap   total 129024K, used 51536K [0x0000000080000000, 0x0000000100000000)
  region size 1024K, 7 young (7168K), 7 survivors (7168K)
 Metaspace       used 63347K, capacity 64855K, committed 65196K, reserved 1105920K
  class space    used 8038K, capacity 8621K, committed 8704K, reserved 1048576K
}
Event: 40.896 GC heap before
{Heap before GC invocations=14 (full 0):
 garbage-first heap   total 129024K, used 97616K [0x0000000080000000, 0x0000000100000000)
  region size 1024K, 51 young (52224K), 7 survivors (7168K)
 Metaspace       used 65592K, capacity 67178K, committed 67372K, reserved 1107968K
  class space    used 8370K, capacity 8978K, committed 9088K, reserved 1048576K
}
Event: 40.920 GC heap after
{Heap after GC invocations=15 (full 0):
 garbage-first heap   total 129024K, used 55021K [0x0000000080000000, 0x0000000100000000)
  region size 1024K, 4 young (4096K), 4 survivors (4096K)
 Metaspace       used 65592K, capacity 67178K, committed 67372K, reserved 1107968K
  class space    used 8370K, capacity 8978K, committed 9088K, reserved 1048576K
}
Event: 42.347 GC heap before
{Heap before GC invocations=15 (full 0):
 garbage-first heap   total 129024K, used 99053K [0x0000000080000000, 0x0000000100000000)
  region size 1024K, 47 young (48128K), 4 survivors (4096K)
 Metaspace       used 68002K, capacity 69641K, committed 69804K, reserved 1110016K
  class space    used 8735K, capacity 9373K, committed 9472K, reserved 1048576K
}
Event: 42.356 GC heap after
{Heap after GC invocations=16 (full 0):
 garbage-first heap   total 129024K, used 58162K [0x0000000080000000, 0x0000000100000000)
  region size 1024K, 4 young (4096K), 4 survivors (4096K)
 Metaspace       used 68002K, capacity 69641K, committed 69804K, reserved 1110016K
  class space    used 8735K, capacity 9373K, committed 9472K, reserved 1048576K
}
Event: 43.971 GC heap before
{Heap before GC invocations=16 (full 0):
 garbage-first heap   total 129024K, used 101170K [0x0000000080000000, 0x0000000100000000)
  region size 1024K, 46 young (47104K), 4 survivors (4096K)
 Metaspace       used 71268K, capacity 72928K, committed 73132K, reserved 1112064K
  class space    used 9281K, capacity 9907K, committed 9984K, reserved 1048576K
}
Event: 43.977 GC heap after
{Heap after GC invocations=17 (full 0):
 garbage-first heap   total 129024K, used 60790K [0x0000000080000000, 0x0000000100000000)
  region size 1024K, 6 young (6144K), 6 survivors (6144K)
 Metaspace       used 71268K, capacity 72928K, committed 73132K, reserved 1112064K
  class space    used 9281K, capacity 9907K, committed 9984K, reserved 1048576K
}
Event: 45.297 GC heap before
{Heap before GC invocations=17 (full 0):
 garbage-first heap   total 129024K, used 102774K [0x0000000080000000, 0x0000000100000000)
  region size 1024K, 47 young (48128K), 6 survivors (6144K)
 Metaspace       used 73425K, capacity 75158K, committed 75180K, reserved 1114112K
  class space    used 9603K, capacity 10234K, committed 10240K, reserved 1048576K
}
Event: 45.305 GC heap after
{Heap after GC invocations=18 (full 0):
 garbage-first heap   total 129024K, used 63993K [0x0000000080000000, 0x0000000100000000)
  region size 1024K, 6 young (6144K), 6 survivors (6144K)
 Metaspace       used 73425K, capacity 75158K, committed 75180K, reserved 1114112K
  class space    used 9603K, capacity 10234K, committed 10240K, reserved 1048576K
}
Event: 47.173 GC heap before
{Heap before GC invocations=18 (full 0):
 garbage-first heap   total 129024K, used 104953K [0x0000000080000000, 0x0000000100000000)
  region size 1024K, 46 young (47104K), 6 survivors (6144K)
 Metaspace       used 78173K, capacity 80061K, committed 80300K, reserved 1118208K
  class space    used 10264K, capacity 10956K, committed 11008K, reserved 1048576K
}
Event: 47.193 GC heap after
{Heap after GC invocations=19 (full 0):
 garbage-first heap   total 129024K, used 66044K [0x0000000080000000, 0x0000000100000000)
  region size 1024K, 5 young (5120K), 5 survivors (5120K)
 Metaspace       used 78173K, capacity 80061K, committed 80300K, reserved 1118208K
  class space    used 10264K, capacity 10956K, committed 11008K, reserved 1048576K
}
Event: 49.198 GC heap before
{Heap before GC invocations=20 (full 0):
 garbage-first heap   total 129024K, used 104956K [0x0000000080000000, 0x0000000100000000)
  region size 1024K, 44 young (45056K), 5 survivors (5120K)
 Metaspace       used 80930K, capacity 82952K, committed 83116K, reserved 1120256K
  class space    used 10685K, capacity 11450K, committed 11520K, reserved 1048576K
}
Event: 49.211 GC heap after
{Heap after GC invocations=21 (full 0):
 garbage-first heap   total 129024K, used 69668K [0x0000000080000000, 0x0000000100000000)
  region size 1024K, 6 young (6144K), 6 survivors (6144K)
 Metaspace       used 80930K, capacity 82952K, committed 83116K, reserved 1120256K
  class space    used 10685K, capacity 11450K, committed 11520K, reserved 1048576K
}
Event: 51.645 GC heap before
{Heap before GC invocations=21 (full 0):
 garbage-first heap   total 129024K, used 104484K [0x0000000080000000, 0x0000000100000000)
  region size 1024K, 41 young (41984K), 6 survivors (6144K)
 Metaspace       used 82193K, capacity 84346K, committed 84524K, reserved 1122304K
  class space    used 10836K, capacity 11647K, committed 11648K, reserved 1048576K
}
Event: 51.670 GC heap after
{Heap after GC invocations=22 (full 0):
 garbage-first heap   total 129024K, used 72875K [0x0000000080000000, 0x0000000100000000)
  region size 1024K, 4 young (4096K), 4 survivors (4096K)
 Metaspace       used 82193K, capacity 84346K, committed 84524K, reserved 1122304K
  class space    used 10836K, capacity 11647K, committed 11648K, reserved 1048576K
}

